{"numTotalTestSuites":194,"numPassedTestSuites":194,"numFailedTestSuites":0,"numPendingTestSuites":0,"numTotalTests":344,"numPassedTests":344,"numFailedTests":0,"numPendingTests":0,"numTodoTests":0,"snapshot":{"added":0,"failure":false,"filesAdded":0,"filesRemoved":0,"filesRemovedList":[],"filesUnmatched":0,"filesUpdated":0,"matched":0,"total":0,"unchecked":0,"uncheckedKeysByFile":[],"unmatched":0,"updated":0,"didUpdate":false},"startTime":1775127700141,"success":true,"testResults":[{"assertionResults":[{"ancestorTitles":["server compression middleware integration"],"fullName":"server compression middleware integration serves gzip when requested and beneficial","status":"passed","title":"serves gzip when requested and beneficial","duration":16.67708300000004,"failureMessages":[],"meta":{},"tags":[]},{"ancestorTitles":["server compression middleware integration"],"fullName":"server compression middleware integration serves zstd when available and requested, otherwise falls back to gzip","status":"passed","title":"serves zstd when available and requested, otherwise falls back to gzip","duration":5.576749999999947,"failureMessages":[],"meta":{},"tags":[]},{"ancestorTitles":["server compression middleware integration"],"fullName":"server compression middleware integration respects explicit identity encoding","status":"passed","title":"respects explicit identity encoding","duration":2.160874999999919,"failureMessages":[],"meta":{},"tags":[]},{"ancestorTitles":["server compression middleware integration"],"fullName":"server compression middleware integration adds Vary: Accept-Encoding on compressible identity responses for cache correctness","status":"passed","title":"adds Vary: Accept-Encoding on compressible identity responses for cache correctness","duration":0.9841249999999491,"failureMessages":[],"meta":{},"tags":[]},{"ancestorTitles":["server compression middleware integration"],"fullName":"server compression middleware integration does not transform no-transform responses","status":"passed","title":"does not transform no-transform responses","duration":0.5500829999999723,"failureMessages":[],"meta":{},"tags":[]},{"ancestorTitles":["server compression middleware integration"],"fullName":"server compression middleware integration does not compress partial content responses","status":"passed","title":"does not compress partial content responses","duration":0.5002919999999449,"failureMessages":[],"meta":{},"tags":[]},{"ancestorTitles":["server compression middleware integration"],"fullName":"server compression middleware integration does not compress server-sent event responses","status":"passed","title":"does not compress server-sent event responses","duration":3.2471249999999827,"failureMessages":[],"meta":{},"tags":[]},{"ancestorTitles":["server compression middleware integration"],"fullName":"server compression middleware integration compresses structured +json media types like application/problem+json","status":"passed","title":"compresses structured +json media types like application/problem+json","duration":3.061625000000049,"failureMessages":[],"meta":{},"tags":[]},{"ancestorTitles":["server compression middleware integration"],"fullName":"server compression middleware integration skips compression for oversized responses","status":"passed","title":"skips compression for oversized responses","duration":4.8231250000000045,"failureMessages":[],"meta":{},"tags":[]}],"startTime":1775127701341,"endTime":1775127701378.8232,"status":"passed","message":"","name":"/Users/damonoutlaw/paper-atproto/src/compression.integration.test.ts"},{"assertionResults":[{"ancestorTitles":["HybridSearch semantic query execution"],"fullName":"HybridSearch semantic query execution shapes cross-table semantic search so pgvector indexes can participate","status":"passed","title":"shapes cross-table semantic search so pgvector indexes can participate","duration":1.262625000000014,"failureMessages":[],"meta":{},"tags":[]},{"ancestorTitles":["HybridSearch semantic query execution"],"fullName":"HybridSearch semantic query execution falls back to a plain query if per-query ef_search tuning is unavailable","status":"passed","title":"falls back to a plain query if per-query ef_search tuning is unavailable","duration":0.1907500000000084,"failureMessages":[],"meta":{},"tags":[]},{"ancestorTitles":["HybridSearch semantic query execution"],"fullName":"HybridSearch semantic query execution applies visual-intent media scoring to local feed item search results","status":"passed","title":"applies visual-intent media scoring to local feed item search results","duration":1.172333000000009,"failureMessages":[],"meta":{},"tags":[]}],"startTime":1775127701332,"endTime":1775127701334.1724,"status":"passed","message":"","name":"/Users/damonoutlaw/paper-atproto/src/search.test.ts"},{"assertionResults":[{"ancestorTitles":["sexual-content safety regressions"],"fullName":"sexual-content safety regressions normalizes explicit/slang sexual wording in free text","status":"passed","title":"normalizes explicit/slang sexual wording in free text","duration":2.108542,"failureMessages":[],"meta":{},"tags":[]},{"ancestorTitles":["sexual-content safety regressions"],"fullName":"sexual-content safety regressions keeps contributor blurbs but formalizes sexual phrasing","status":"passed","title":"keeps contributor blurbs but formalizes sexual phrasing","duration":2.7393749999999955,"failureMessages":[],"meta":{},"tags":[]},{"ancestorTitles":["sexual-content safety regressions"],"fullName":"sexual-content safety regressions sanitizes deterministic fallback summaries after writer abstains","status":"passed","title":"sanitizes deterministic fallback summaries after writer abstains","duration":5.344666000000018,"failureMessages":[],"meta":{},"tags":[]},{"ancestorTitles":["sexual-content safety regressions"],"fullName":"sexual-content safety regressions falls back when a reply-rich thread gets a root-only writer summary","status":"passed","title":"falls back when a reply-rich thread gets a root-only writer summary","duration":3.3981250000000216,"failureMessages":[],"meta":{},"tags":[]},{"ancestorTitles":["sexual-content safety regressions"],"fullName":"sexual-content safety regressions normalizes narrated link phrasing in writer summaries","status":"passed","title":"normalizes narrated link phrasing in writer summaries","duration":0.43062500000002046,"failureMessages":[],"meta":{},"tags":[]},{"ancestorTitles":["sexual-content safety regressions"],"fullName":"sexual-content safety regressions normalizes narrated link phrasing in premium deep summaries","status":"passed","title":"normalizes narrated link phrasing in premium deep summaries","duration":0.31212500000000887,"failureMessages":[],"meta":{},"tags":[]},{"ancestorTitles":["sexual-content safety regressions"],"fullName":"sexual-content safety regressions keeps model-client timeout behavior when an external abort signal is provided","status":"passed","title":"keeps model-client timeout behavior when an external abort signal is provided","duration":2.1035839999999837,"failureMessages":[],"meta":{},"tags":[]},{"ancestorTitles":["sexual-content safety regressions"],"fullName":"sexual-content safety regressions fails premium deep output closed when safety filtering removes the summary","status":"passed","title":"fails premium deep output closed when safety filtering removes the summary","duration":0.31966699999998127,"failureMessages":[],"meta":{},"tags":[]},{"ancestorTitles":["sexual-content safety regressions"],"fullName":"sexual-content safety regressions normalizes explicit sexual phrasing in premium deep output","status":"passed","title":"normalizes explicit sexual phrasing in premium deep output","duration":0.2192500000000166,"failureMessages":[],"meta":{},"tags":[]},{"ancestorTitles":["sexual-content safety regressions"],"fullName":"sexual-content safety regressions redacts profanity while also normalizing sexual slang in one pass","status":"passed","title":"redacts profanity while also normalizing sexual slang in one pass","duration":0.2037909999999954,"failureMessages":[],"meta":{},"tags":[]},{"ancestorTitles":["sexual-content safety regressions"],"fullName":"sexual-content safety regressions safeguards normalize explicit sexual text without replacing whole response","status":"passed","title":"safeguards normalize explicit sexual text without replacing whole response","duration":0.804000000000002,"failureMessages":[],"meta":{},"tags":[]},{"ancestorTitles":["sexual-content safety regressions"],"fullName":"sexual-content safety regressions tracks medium/high severity from array fields in safety metadata","status":"passed","title":"tracks medium/high severity from array fields in safety metadata","duration":0.12587500000000773,"failureMessages":[],"meta":{},"tags":[]},{"ancestorTitles":["sexual-content safety regressions"],"fullName":"sexual-content safety regressions safeguards writer filter keeps explicit-sexual blurbs by formalizing wording","status":"passed","title":"safeguards writer filter keeps explicit-sexual blurbs by formalizing wording","duration":1.1481249999999932,"failureMessages":[],"meta":{},"tags":[]}],"startTime":1775127700732,"endTime":1775127700752.1482,"status":"passed","message":"","name":"/Users/damonoutlaw/paper-atproto/src/sexualSafetyRegression.test.ts"},{"assertionResults":[{"ancestorTitles":["sessionClient retry policy"],"fullName":"sessionClient retry policy does not retry non-retryable client errors","status":"passed","title":"does not retry non-retryable client errors","duration":12.12337500000001,"failureMessages":[],"meta":{},"tags":[]},{"ancestorTitles":["sessionClient retry policy"],"fullName":"sessionClient retry policy retries transient upstream failures with backoff","status":"passed","title":"retries transient upstream failures with backoff","duration":2.8752920000000017,"failureMessages":[],"meta":{},"tags":[]},{"ancestorTitles":["sessionClient retry policy"],"fullName":"sessionClient retry policy honors Retry-After header when retrying 503 responses","status":"passed","title":"honors Retry-After header when retrying 503 responses","duration":1.7123750000000086,"failureMessages":[],"meta":{},"tags":[]},{"ancestorTitles":["sessionClient retry policy"],"fullName":"sessionClient retry policy retries transient network failures","status":"passed","title":"retries transient network failures","duration":0.5388749999999902,"failureMessages":[],"meta":{},"tags":[]},{"ancestorTitles":["sessionClient retry policy"],"fullName":"sessionClient retry policy does not retry non-transient thrown errors","status":"passed","title":"does not retry non-transient thrown errors","duration":0.25899999999998613,"failureMessages":[],"meta":{},"tags":[]},{"ancestorTitles":["sessionClient retry policy"],"fullName":"sessionClient retry policy retries internal timeout aborts before succeeding","status":"passed","title":"retries internal timeout aborts before succeeding","duration":0.2937909999999988,"failureMessages":[],"meta":{},"tags":[]},{"ancestorTitles":["sessionClient retry policy"],"fullName":"sessionClient retry policy fails fast on malformed DID input without sending a request","status":"passed","title":"fails fast on malformed DID input without sending a request","duration":0.17633299999999963,"failureMessages":[],"meta":{},"tags":[]},{"ancestorTitles":["sessionClient retry policy"],"fullName":"sessionClient retry policy fails fast on malformed sessionId without sending a request","status":"passed","title":"fails fast on malformed sessionId without sending a request","duration":0.14304200000000833,"failureMessages":[],"meta":{},"tags":[]},{"ancestorTitles":["sessionClient retry policy"],"fullName":"sessionClient retry policy fails fast when message content sanitizes to empty","status":"passed","title":"fails fast when message content sanitizes to empty","duration":0.6256659999999954,"failureMessages":[],"meta":{},"tags":[]},{"ancestorTitles":["sessionClient retry policy"],"fullName":"sessionClient retry policy fails fast on malformed clientActionId without sending a request","status":"passed","title":"fails fast on malformed clientActionId without sending a request","duration":0.29391700000002174,"failureMessages":[],"meta":{},"tags":[]},{"ancestorTitles":["sessionClient retry policy"],"fullName":"sessionClient retry policy clamps presence expiresInMs into server-accepted range","status":"passed","title":"clamps presence expiresInMs into server-accepted range","duration":0.2803339999999821,"failureMessages":[],"meta":{},"tags":[]},{"ancestorTitles":["sessionClient retry policy"],"fullName":"sessionClient retry policy clamps low presence expiresInMs into server-accepted range","status":"passed","title":"clamps low presence expiresInMs into server-accepted range","duration":0.1734170000000006,"failureMessages":[],"meta":{},"tags":[]},{"ancestorTitles":["sessionClient retry policy"],"fullName":"sessionClient retry policy fails fast when rootUri sanitizes to empty","status":"passed","title":"fails fast when rootUri sanitizes to empty","duration":0.17262499999998226,"failureMessages":[],"meta":{},"tags":[]},{"ancestorTitles":["sessionClient retry policy"],"fullName":"sessionClient retry policy sanitizes outbound metadata keys and values","status":"passed","title":"sanitizes outbound metadata keys and values","duration":0.4456250000000068,"failureMessages":[],"meta":{},"tags":[]}],"startTime":1775127700690,"endTime":1775127700710.4456,"status":"passed","message":"","name":"/Users/damonoutlaw/paper-atproto/src/aiSessions/sessionClient.retry.test.ts"},{"assertionResults":[{"ancestorTitles":["mapPostViewToMockPost"],"fullName":"mapPostViewToMockPost preserves recordWithMedia video previews inside quote cards","status":"passed","title":"preserves recordWithMedia video previews inside quote cards","duration":1.1923749999999984,"failureMessages":[],"meta":{},"tags":[]}],"startTime":1775127701787,"endTime":1775127701788.1924,"status":"passed","message":"","name":"/Users/damonoutlaw/paper-atproto/src/atproto/mappers.test.ts"},{"assertionResults":[{"ancestorTitles":["oauthCallback helpers"],"fullName":"oauthCallback helpers detects OAuth callback query parameters","status":"passed","title":"detects OAuth callback query parameters","duration":1.8339579999999955,"failureMessages":[],"meta":{},"tags":[]},{"ancestorTitles":["oauthCallback helpers"],"fullName":"oauthCallback helpers maps provider cancel errors to a safe user-facing message","status":"passed","title":"maps provider cancel errors to a safe user-facing message","duration":0.40279200000000515,"failureMessages":[],"meta":{},"tags":[]},{"ancestorTitles":["oauthCallback helpers"],"fullName":"oauthCallback helpers sanitizes callback descriptions and avoids reflecting raw provider details","status":"passed","title":"sanitizes callback descriptions and avoids reflecting raw provider details","duration":0.0908330000000035,"failureMessages":[],"meta":{},"tags":[]},{"ancestorTitles":["oauthCallback helpers"],"fullName":"oauthCallback helpers removes OAuth callback params while preserving unrelated params and hashes","status":"passed","title":"removes OAuth callback params while preserving unrelated params and hashes","duration":0.19687500000000568,"failureMessages":[],"meta":{},"tags":[]}],"startTime":1775127701849,"endTime":1775127701851.4028,"status":"passed","message":"","name":"/Users/damonoutlaw/paper-atproto/src/atproto/oauthCallback.test.ts"},{"assertionResults":[{"ancestorTitles":["oauthClient auth identifier handling"],"fullName":"oauthClient auth identifier handling sanitizes control and zero-width characters from identifiers","status":"passed","title":"sanitizes control and zero-width characters from identifiers","duration":2.5679580000000044,"failureMessages":[],"meta":{},"tags":[]},{"ancestorTitles":["oauthClient auth identifier handling"],"fullName":"oauthClient auth identifier handling accepts valid handles, dids, and https provider urls","status":"passed","title":"accepts valid handles, dids, and https provider urls","duration":0.32337499999999864,"failureMessages":[],"meta":{},"tags":[]},{"ancestorTitles":["oauthClient auth identifier handling"],"fullName":"oauthClient auth identifier handling rejects obviously unsafe or malformed identifiers","status":"passed","title":"rejects obviously unsafe or malformed identifiers","duration":0.1064580000000035,"failureMessages":[],"meta":{},"tags":[]},{"ancestorTitles":["oauthClient auth identifier handling"],"fullName":"oauthClient auth identifier handling creates secure-looking non-empty state tokens","status":"passed","title":"creates secure-looking non-empty state tokens","duration":0.23775000000000546,"failureMessages":[],"meta":{},"tags":[]},{"ancestorTitles":["oauthClient auth identifier handling"],"fullName":"oauthClient auth identifier handling blocks loopback-only oauth mode on non-local origins","status":"passed","title":"blocks loopback-only oauth mode on non-local origins","duration":0.3400829999999928,"failureMessages":[],"meta":{},"tags":[]},{"ancestorTitles":["oauthClient auth identifier handling"],"fullName":"oauthClient auth identifier handling identifies loopback origins correctly for auth fallback decisions","status":"passed","title":"identifies loopback origins correctly for auth fallback decisions","duration":0.10112499999999613,"failureMessages":[],"meta":{},"tags":[]},{"ancestorTitles":["oauthClient auth identifier handling"],"fullName":"oauthClient auth identifier handling treats transition and granular AppView timeline scopes as sufficient for Following","status":"passed","title":"treats transition and granular AppView timeline scopes as sufficient for Following","duration":0.09212500000001,"failureMessages":[],"meta":{},"tags":[]},{"ancestorTitles":["oauthClient auth identifier handling"],"fullName":"oauthClient auth identifier handling recognizes closed browser oauth databases as recoverable client failures","status":"passed","title":"recognizes closed browser oauth databases as recoverable client failures","duration":0.08095899999997869,"failureMessages":[],"meta":{},"tags":[]},{"ancestorTitles":["oauthClient auth identifier handling"],"fullName":"oauthClient auth identifier handling does not swallow unrelated database errors","status":"passed","title":"does not swallow unrelated database errors","duration":0.05308300000001509,"failureMessages":[],"meta":{},"tags":[]},{"ancestorTitles":["oauthClient auth identifier handling"],"fullName":"oauthClient auth identifier handling blocks non-https non-loopback origins","status":"passed","title":"blocks non-https non-loopback origins","duration":0.07766699999999105,"failureMessages":[],"meta":{},"tags":[]},{"ancestorTitles":["oauthClient auth identifier handling"],"fullName":"oauthClient auth identifier handling warns when hosted metadata origin differs from the deployed app origin","status":"passed","title":"warns when hosted metadata origin differs from the deployed app origin","duration":0.05533300000001873,"failureMessages":[],"meta":{},"tags":[]}],"startTime":1775127700952,"endTime":1775127700956.34,"status":"passed","message":"","name":"/Users/damonoutlaw/paper-atproto/src/atproto/oauthClient.test.ts"},{"assertionResults":[{"ancestorTitles":["migrateLocalDatabase"],"fullName":"migrateLocalDatabase ensures thread context columns exist on posts","status":"passed","title":"ensures thread context columns exist on posts","duration":8.831000000000131,"failureMessages":[],"meta":{},"tags":[]},{"ancestorTitles":["migrateLocalDatabase"],"fullName":"migrateLocalDatabase creates indexes for hot local access paths","status":"passed","title":"creates indexes for hot local access paths","duration":3.0611670000000686,"failureMessages":[],"meta":{},"tags":[]}],"startTime":1775127701789,"endTime":1775127701801.0613,"status":"passed","message":"","name":"/Users/damonoutlaw/paper-atproto/src/db/migrations.test.ts"},{"assertionResults":[{"ancestorTitles":["resolvePaperDbDataDir"],"fullName":"resolvePaperDbDataDir uses memory storage outside a persistent browser runtime","status":"passed","title":"uses memory storage outside a persistent browser runtime","duration":0.6748329999999783,"failureMessages":[],"meta":{},"tags":[]},{"ancestorTitles":["isWorkerBackendSupported"],"fullName":"isWorkerBackendSupported requires the browser worker coordination APIs","status":"passed","title":"requires the browser worker coordination APIs","duration":0.2947499999999934,"failureMessages":[],"meta":{},"tags":[]},{"ancestorTitles":["isPaperDbRelaxedDurabilityEnabled"],"fullName":"isPaperDbRelaxedDurabilityEnabled stays opt-in by default","status":"passed","title":"stays opt-in by default","duration":0.1058749999999975,"failureMessages":[],"meta":{},"tags":[]},{"ancestorTitles":["resolvePaperDbWorkerInitTimeoutMs"],"fullName":"resolvePaperDbWorkerInitTimeoutMs uses a bounded default and accepts explicit overrides","status":"passed","title":"uses a bounded default and accepts explicit overrides","duration":0.0796670000000006,"failureMessages":[],"meta":{},"tags":[]},{"ancestorTitles":["createPaperDbClient"],"fullName":"createPaperDbClient prefers the worker backend when supported","status":"passed","title":"prefers the worker backend when supported","duration":0.5047500000000014,"failureMessages":[],"meta":{},"tags":[]},{"ancestorTitles":["createPaperDbClient"],"fullName":"createPaperDbClient falls back once to the local backend if worker startup fails","status":"passed","title":"falls back once to the local backend if worker startup fails","duration":0.2693749999999966,"failureMessages":[],"meta":{},"tags":[]},{"ancestorTitles":["createPaperDbClient"],"fullName":"createPaperDbClient keeps relaxed durability opt-in and scoped to persistent storage","status":"passed","title":"keeps relaxed durability opt-in and scoped to persistent storage","duration":0.155666999999994,"failureMessages":[],"meta":{},"tags":[]},{"ancestorTitles":["createPaperDbClient"],"fullName":"createPaperDbClient falls back if worker startup hangs past the timeout","status":"passed","title":"falls back if worker startup hangs past the timeout","duration":5.789625000000001,"failureMessages":[],"meta":{},"tags":[]}],"startTime":1775127700956,"endTime":1775127700963.7896,"status":"passed","message":"","name":"/Users/damonoutlaw/paper-atproto/src/db/runtime.test.ts"},{"assertionResults":[{"ancestorTitles":["continuity snapshots"],"fullName":"continuity snapshots builds a continuity snapshot from session state","status":"passed","title":"builds a continuity snapshot from session state","duration":2.9208339999999993,"failureMessages":[],"meta":{},"tags":[]},{"ancestorTitles":["continuity snapshots"],"fullName":"continuity snapshots deduplicates unchanged snapshots while keeping the latest recordedAt","status":"passed","title":"deduplicates unchanged snapshots while keeping the latest recordedAt","duration":1.0789159999999924,"failureMessages":[],"meta":{},"tags":[]},{"ancestorTitles":["continuity snapshots"],"fullName":"continuity snapshots appends a new snapshot when the continuity state meaningfully changes","status":"passed","title":"appends a new snapshot when the continuity state meaningfully changes","duration":0.6166670000000067,"failureMessages":[],"meta":{},"tags":[]},{"ancestorTitles":["continuity snapshots"],"fullName":"continuity snapshots rebuilds snapshot history safely for legacy sessions without stored snapshots","status":"passed","title":"rebuilds snapshot history safely for legacy sessions without stored snapshots","duration":0.35329199999999616,"failureMessages":[],"meta":{},"tags":[]},{"ancestorTitles":["continuity snapshots"],"fullName":"continuity snapshots uses recent session mutations as continuity deltas when writer changes are absent","status":"passed","title":"uses recent session mutations as continuity deltas when writer changes are absent","duration":0.3793330000000026,"failureMessages":[],"meta":{},"tags":[]},{"ancestorTitles":["continuity snapshots"],"fullName":"continuity snapshots prefers a freshly built continuity snapshot when stored history is stale","status":"passed","title":"prefers a freshly built continuity snapshot when stored history is stale","duration":0.3023340000000019,"failureMessages":[],"meta":{},"tags":[]}],"startTime":1775127701620,"endTime":1775127701626.3022,"status":"passed","message":"","name":"/Users/damonoutlaw/paper-atproto/src/conversation/continuitySnapshots.test.ts"},{"assertionResults":[{"ancestorTitles":["model execution policy"],"fullName":"model execution policy skips the writer when the session is already in minimal fallback mode","status":"passed","title":"skips the writer when the session is already in minimal fallback mode","duration":0.9876249999999942,"failureMessages":[],"meta":{},"tags":[]},{"ancestorTitles":["model execution policy"],"fullName":"model execution policy skips the writer for very low-signal threads","status":"passed","title":"skips the writer for very low-signal threads","duration":0.12262499999999932,"failureMessages":[],"meta":{},"tags":[]},{"ancestorTitles":["model execution policy"],"fullName":"model execution policy runs the writer when evidence or replies justify it","status":"passed","title":"runs the writer when evidence or replies justify it","duration":0.12666699999999764,"failureMessages":[],"meta":{},"tags":[]},{"ancestorTitles":["model execution diagnostics"],"fullName":"model execution diagnostics initializes a dedicated multimodal diagnostics lane","status":"passed","title":"initializes a dedicated multimodal diagnostics lane","duration":0.09087499999999693,"failureMessages":[],"meta":{},"tags":[]},{"ancestorTitles":["model execution diagnostics"],"fullName":"model execution diagnostics tracks loading, ready, and stale discard state","status":"passed","title":"tracks loading, ready, and stale discard state","duration":0.2520410000000055,"failureMessages":[],"meta":{},"tags":[]},{"ancestorTitles":["model execution diagnostics"],"fullName":"model execution diagnostics tracks multimodal skip state independently from the writer","status":"passed","title":"tracks multimodal skip state independently from the writer","duration":0.11104200000001185,"failureMessages":[],"meta":{},"tags":[]}],"startTime":1775127701913,"endTime":1775127701915.111,"status":"passed","message":"","name":"/Users/damonoutlaw/paper-atproto/src/conversation/modelExecution.test.ts"},{"assertionResults":[{"ancestorTitles":["model source token"],"fullName":"model source token changes when the computed interpretation timestamp changes","status":"passed","title":"changes when the computed interpretation timestamp changes","duration":0.9594999999999914,"failureMessages":[],"meta":{},"tags":[]},{"ancestorTitles":["model source token"],"fullName":"model source token changes when the mutation revision changes","status":"passed","title":"changes when the mutation revision changes","duration":0.0978330000000085,"failureMessages":[],"meta":{},"tags":[]}],"startTime":1775127701512,"endTime":1775127701513.098,"status":"passed","message":"","name":"/Users/damonoutlaw/paper-atproto/src/conversation/modelSourceToken.test.ts"},{"assertionResults":[{"ancestorTitles":["session assembler writer redaction"],"fullName":"session assembler writer redaction redacts matched phrases without suppressing output","status":"passed","title":"redacts matched phrases without suppressing output","duration":2.1009579999999914,"failureMessages":[],"meta":{},"tags":[]},{"ancestorTitles":["session assembler writer redaction"],"fullName":"session assembler writer redaction supports hashtag variants for the same rule phrase","status":"passed","title":"supports hashtag variants for the same rule phrase","duration":0.20037500000000819,"failureMessages":[],"meta":{},"tags":[]},{"ancestorTitles":["session assembler writer redaction"],"fullName":"session assembler writer redaction respects whole-word rules and avoids partial-word redaction","status":"passed","title":"respects whole-word rules and avoids partial-word redaction","duration":0.8336669999999913,"failureMessages":[],"meta":{},"tags":[]}],"startTime":1775127702106,"endTime":1775127702108.8337,"status":"passed","message":"","name":"/Users/damonoutlaw/paper-atproto/src/conversation/sessionAssemblerRedaction.test.ts"},{"assertionResults":[{"ancestorTitles":["collectConversationHydrationTargets"],"fullName":"collectConversationHydrationTargets deduplicates AT URIs in first-seen order and drops invalid values","status":"passed","title":"deduplicates AT URIs in first-seen order and drops invalid values","duration":1.0079170000000204,"failureMessages":[],"meta":{},"tags":[]},{"ancestorTitles":["collectConversationHydrationTargets"],"fullName":"collectConversationHydrationTargets respects the requested target limit","status":"passed","title":"respects the requested target limit","duration":0.0897499999999809,"failureMessages":[],"meta":{},"tags":[]}],"startTime":1775127702150,"endTime":1775127702151.0898,"status":"passed","message":"","name":"/Users/damonoutlaw/paper-atproto/src/conversation/sessionHydration.test.ts"},{"assertionResults":[{"ancestorTitles":["session optimistic reply mutations"],"fullName":"session optimistic reply mutations inserts an optimistic reply into the session graph","status":"passed","title":"inserts an optimistic reply into the session graph","duration":3.5289169999999785,"failureMessages":[],"meta":{},"tags":[]},{"ancestorTitles":["session optimistic reply mutations"],"fullName":"session optimistic reply mutations reconciles an optimistic reply with the persisted server uri","status":"passed","title":"reconciles an optimistic reply with the persisted server uri","duration":0.6881250000000136,"failureMessages":[],"meta":{},"tags":[]},{"ancestorTitles":["session optimistic reply mutations"],"fullName":"session optimistic reply mutations rolls back an optimistic reply on failure","status":"passed","title":"rolls back an optimistic reply on failure","duration":0.39387500000003683,"failureMessages":[],"meta":{},"tags":[]}],"startTime":1775127701209,"endTime":1775127701213.3938,"status":"passed","message":"","name":"/Users/damonoutlaw/paper-atproto/src/conversation/sessionMutations.test.ts"},{"assertionResults":[{"ancestorTitles":["selectConversationSessionsByRootUris"],"fullName":"selectConversationSessionsByRootUris returns a stable root-keyed map with nulls for missing sessions","status":"passed","title":"returns a stable root-keyed map with nulls for missing sessions","duration":0.9389160000000061,"failureMessages":[],"meta":{},"tags":[]}],"startTime":1775127702180,"endTime":1775127702180.939,"status":"passed","message":"","name":"/Users/damonoutlaw/paper-atproto/src/conversation/sessionSelectors.test.ts"},{"assertionResults":[{"ancestorTitles":["embeddingPipeline"],"fullName":"embeddingPipeline preserves case-sensitive sanitized text when batching embeddings","status":"passed","title":"preserves case-sensitive sanitized text when batching embeddings","duration":2.579958000000005,"failureMessages":[],"meta":{},"tags":[]},{"ancestorTitles":["embeddingPipeline"],"fullName":"embeddingPipeline dedupes exact sanitized duplicates within a batch","status":"passed","title":"dedupes exact sanitized duplicates within a batch","duration":0.5409999999999968,"failureMessages":[],"meta":{},"tags":[]}],"startTime":1775127701913,"endTime":1775127701915.58,"status":"passed","message":"","name":"/Users/damonoutlaw/paper-atproto/src/intelligence/embeddingPipeline.test.ts"},{"assertionResults":[{"ancestorTitles":["entity matching parity between client and server"],"fullName":"entity matching parity between client and server keeps canonical concept aliases aligned across client extraction and server linking","status":"passed","title":"keeps canonical concept aliases aligned across client extraction and server linking","duration":11.200750000000014,"failureMessages":[],"meta":{},"tags":[]},{"ancestorTitles":["entity matching parity between client and server"],"fullName":"entity matching parity between client and server keeps server grounding high for client-linked entities that match canonicalized hints","status":"passed","title":"keeps server grounding high for client-linked entities that match canonicalized hints","duration":2.0630829999999776,"failureMessages":[],"meta":{},"tags":[]},{"ancestorTitles":["entity matching parity between client and server"],"fullName":"entity matching parity between client and server drops grounding when hints and linked entities diverge semantically","status":"passed","title":"drops grounding when hints and linked entities diverge semantically","duration":1.3399169999999856,"failureMessages":[],"meta":{},"tags":[]},{"ancestorTitles":["entity matching parity between client and server"],"fullName":"entity matching parity between client and server keeps grounding above medium when hints are near the similarity threshold","status":"passed","title":"keeps grounding above medium when hints are near the similarity threshold","duration":0.7745830000000069,"failureMessages":[],"meta":{},"tags":[]},{"ancestorTitles":["entity matching parity between client and server"],"fullName":"entity matching parity between client and server keeps grounding low-medium when overlap is lexical but below strong semantic agreement","status":"passed","title":"keeps grounding low-medium when overlap is lexical but below strong semantic agreement","duration":0.6742920000000083,"failureMessages":[],"meta":{},"tags":[]}],"startTime":1775127700630,"endTime":1775127700645.6743,"status":"passed","message":"","name":"/Users/damonoutlaw/paper-atproto/src/intelligence/entityLinkingAlignment.test.ts"},{"assertionResults":[{"ancestorTitles":["hybrid entity-linking provider hardening"],"fullName":"hybrid entity-linking provider hardening fuses DBpedia and Wikidata results and emits hybrid canonical links","status":"passed","title":"fuses DBpedia and Wikidata results and emits hybrid canonical links","duration":57.062959000000006,"failureMessages":[],"meta":{},"tags":[]},{"ancestorTitles":["hybrid entity-linking provider hardening"],"fullName":"hybrid entity-linking provider hardening redacts direct identifiers before sending text to DBpedia","status":"passed","title":"redacts direct identifiers before sending text to DBpedia","duration":2.6357909999999833,"failureMessages":[],"meta":{},"tags":[]},{"ancestorTitles":["hybrid entity-linking provider hardening"],"fullName":"hybrid entity-linking provider hardening retries Wikidata request on 429 using retry headers","status":"passed","title":"retries Wikidata request on 429 using retry headers","duration":3.1219999999999857,"failureMessages":[],"meta":{},"tags":[]}],"startTime":1775127700300,"endTime":1775127700363.122,"status":"passed","message":"","name":"/Users/damonoutlaw/paper-atproto/src/intelligence/hybridEntityLinkingProvider.test.ts"},{"assertionResults":[{"ancestorTitles":["selectMediaForAnalysis"],"fullName":"selectMediaForAnalysis drops unsafe local media urls before multimodal analysis","status":"passed","title":"drops unsafe local media urls before multimodal analysis","duration":3.4225840000000005,"failureMessages":[],"meta":{},"tags":[]},{"ancestorTitles":["selectMediaForAnalysis"],"fullName":"selectMediaForAnalysis handles recordWithMedia embeds and avoids duplicate media urls","status":"passed","title":"handles recordWithMedia embeds and avoids duplicate media urls","duration":0.7612080000000105,"failureMessages":[],"meta":{},"tags":[]},{"ancestorTitles":["selectMediaForAnalysis"],"fullName":"selectMediaForAnalysis derives bounded factual hints from source-heavy replies","status":"passed","title":"derives bounded factual hints from source-heavy replies","duration":0.12762499999999477,"failureMessages":[],"meta":{},"tags":[]}],"startTime":1775127700721,"endTime":1775127700725.1277,"status":"passed","message":"","name":"/Users/damonoutlaw/paper-atproto/src/intelligence/mediaInput.test.ts"},{"assertionResults":[{"ancestorTitles":["modelClient retry policy"],"fullName":"modelClient retry policy does not retry non-retryable 400 responses","status":"passed","title":"does not retry non-retryable 400 responses","duration":11.84295899999998,"failureMessages":[],"meta":{},"tags":[]},{"ancestorTitles":["modelClient retry policy"],"fullName":"modelClient retry policy retries transient 503 responses with backoff","status":"passed","title":"retries transient 503 responses with backoff","duration":1.7068749999999966,"failureMessages":[],"meta":{},"tags":[]}],"startTime":1775127700853,"endTime":1775127700866.7068,"status":"passed","message":"","name":"/Users/damonoutlaw/paper-atproto/src/intelligence/modelClient.retry.test.ts"},{"assertionResults":[{"ancestorTitles":["wikidata entity-linking provider"],"fullName":"wikidata entity-linking provider returns wikidata:Q* canonical IDs and issues compliant wbsearchentities requests","status":"passed","title":"returns wikidata:Q* canonical IDs and issues compliant wbsearchentities requests","duration":56.829083,"failureMessages":[],"meta":{},"tags":[]},{"ancestorTitles":["wikidata entity-linking provider"],"fullName":"wikidata entity-linking provider prefers stronger label matches over weaker alias-only candidates","status":"passed","title":"prefers stronger label matches over weaker alias-only candidates","duration":7.217334000000022,"failureMessages":[],"meta":{},"tags":[]}],"startTime":1775127700296,"endTime":1775127700360.2173,"status":"passed","message":"","name":"/Users/damonoutlaw/paper-atproto/src/intelligence/wikidataProvider.test.ts"},{"assertionResults":[{"ancestorTitles":["buildThreadStateForWriter"],"fullName":"buildThreadStateForWriter carries sanitized media findings into the writer contract","status":"passed","title":"carries sanitized media findings into the writer contract","duration":4.257416999999975,"failureMessages":[],"meta":{},"tags":[]}],"startTime":1775127701303,"endTime":1775127701307.2573,"status":"passed","message":"","name":"/Users/damonoutlaw/paper-atproto/src/intelligence/writerInput.test.ts"},{"assertionResults":[{"ancestorTitles":["shouldSkipPrefetch"],"fullName":"shouldSkipPrefetch skips prefetch when the page is hidden","status":"passed","title":"skips prefetch when the page is hidden","duration":0.8052500000000009,"failureMessages":[],"meta":{},"tags":[]},{"ancestorTitles":["shouldSkipPrefetch"],"fullName":"shouldSkipPrefetch skips prefetch when save-data is enabled or network is slow","status":"passed","title":"skips prefetch when save-data is enabled or network is slow","duration":0.1980829999999969,"failureMessages":[],"meta":{},"tags":[]},{"ancestorTitles":["shouldSkipPrefetch"],"fullName":"shouldSkipPrefetch allows prefetch on visible desktop-class devices with healthy connectivity","status":"passed","title":"allows prefetch on visible desktop-class devices with healthy connectivity","duration":0.08041599999998539,"failureMessages":[],"meta":{},"tags":[]}],"startTime":1775127701644,"endTime":1775127701645.198,"status":"passed","message":"","name":"/Users/damonoutlaw/paper-atproto/src/prefetch/runtimePrefetch.test.ts"},{"assertionResults":[{"ancestorTitles":["bootstrapTelemetry"],"fullName":"bootstrapTelemetry tracks stage lifecycle and sanitizes metadata","status":"passed","title":"tracks stage lifecycle and sanitizes metadata","duration":1.3025829999999985,"failureMessages":[],"meta":{},"tags":[]},{"ancestorTitles":["bootstrapTelemetry"],"fullName":"bootstrapTelemetry supports skipped stages without a start marker","status":"passed","title":"supports skipped stages without a start marker","duration":0.14183299999999122,"failureMessages":[],"meta":{},"tags":[]}],"startTime":1775127701236,"endTime":1775127701237.3025,"status":"passed","message":"","name":"/Users/damonoutlaw/paper-atproto/src/perf/bootstrapTelemetry.test.ts"},{"assertionResults":[{"ancestorTitles":["recommendationTelemetry"],"fullName":"recommendationTelemetry tracks impressions, follows, and dismisses with reason counts","status":"passed","title":"tracks impressions, follows, and dismisses with reason counts","duration":1.1203749999999957,"failureMessages":[],"meta":{},"tags":[]},{"ancestorTitles":["recommendationTelemetry"],"fullName":"recommendationTelemetry deduplicates impressions per actor/source","status":"passed","title":"deduplicates impressions per actor/source","duration":0.12300000000000466,"failureMessages":[],"meta":{},"tags":[]}],"startTime":1775127702035,"endTime":1775127702036.123,"status":"passed","message":"","name":"/Users/damonoutlaw/paper-atproto/src/perf/recommendationTelemetry.test.ts"},{"assertionResults":[{"ancestorTitles":["resolveExploreSearchResults"],"fullName":"resolveExploreSearchResults prefers canonical local post uris and preserves image embeds from local rows","status":"passed","title":"prefers canonical local post uris and preserves image embeds from local rows","duration":3.978417000000036,"failureMessages":[],"meta":{},"tags":[]},{"ancestorTitles":["resolveExploreSearchResults"],"fullName":"resolveExploreSearchResults builds richer local quote previews when sync stored resolved embed metadata","status":"passed","title":"builds richer local quote previews when sync stored resolved embed metadata","duration":0.5767079999999964,"failureMessages":[],"meta":{},"tags":[]},{"ancestorTitles":["resolveExploreSearchResults"],"fullName":"resolveExploreSearchResults restores richer local video previews from stored resolved embed metadata","status":"passed","title":"restores richer local video previews from stored resolved embed metadata","duration":0.44495799999998553,"failureMessages":[],"meta":{},"tags":[]},{"ancestorTitles":["resolveExploreSearchResults"],"fullName":"resolveExploreSearchResults drops unsafe preview urls from stored local embed metadata","status":"passed","title":"drops unsafe preview urls from stored local embed metadata","duration":0.2857500000000073,"failureMessages":[],"meta":{},"tags":[]},{"ancestorTitles":["resolveExploreSearchResults"],"fullName":"resolveExploreSearchResults prefers fused feed scores when post-processing adjusted local ranking","status":"passed","title":"prefers fused feed scores when post-processing adjusted local ranking","duration":0.21129200000001447,"failureMessages":[],"meta":{},"tags":[]},{"ancestorTitles":["resolveExploreSearchResults"],"fullName":"resolveExploreSearchResults maps posts, actors, and deduped feed items from successful payloads","status":"passed","title":"maps posts, actors, and deduped feed items from successful payloads","duration":1.423749999999984,"failureMessages":[],"meta":{},"tags":[]},{"ancestorTitles":["resolveExploreSearchResults"],"fullName":"resolveExploreSearchResults returns empty arrays for empty or failed payloads","status":"passed","title":"returns empty arrays for empty or failed payloads","duration":0.2849160000000097,"failureMessages":[],"meta":{},"tags":[]},{"ancestorTitles":["resolveExploreSearchResults"],"fullName":"resolveExploreSearchResults merges remote, tag, and local hybrid posts with stable dedupe","status":"passed","title":"merges remote, tag, and local hybrid posts with stable dedupe","duration":0.4331250000000182,"failureMessages":[],"meta":{},"tags":[]},{"ancestorTitles":["resolveExploreSearchResults"],"fullName":"resolveExploreSearchResults blends strong local hybrid posts ahead of weaker lower-ranked remote results","status":"passed","title":"blends strong local hybrid posts ahead of weaker lower-ranked remote results","duration":0.300625000000025,"failureMessages":[],"meta":{},"tags":[]}],"startTime":1775127701034,"endTime":1775127701042.3005,"status":"passed","message":"","name":"/Users/damonoutlaw/paper-atproto/src/lib/exploreSearchResults.test.ts"},{"assertionResults":[{"ancestorTitles":["countNewPostsAboveAnchor"],"fullName":"countNewPostsAboveAnchor counts only actually new posts before the saved anchor","status":"passed","title":"counts only actually new posts before the saved anchor","duration":1.1465409999999991,"failureMessages":[],"meta":{},"tags":[]},{"ancestorTitles":["countNewPostsAboveAnchor"],"fullName":"countNewPostsAboveAnchor does not overcount posts that were already in the cached feed above the anchor","status":"passed","title":"does not overcount posts that were already in the cached feed above the anchor","duration":0.09062500000000284,"failureMessages":[],"meta":{},"tags":[]},{"ancestorTitles":["countNewPostsAboveAnchor"],"fullName":"countNewPostsAboveAnchor falls back to the first previous overlap when the anchor is missing","status":"passed","title":"falls back to the first previous overlap when the anchor is missing","duration":0.06970900000000313,"failureMessages":[],"meta":{},"tags":[]}],"startTime":1775127702062,"endTime":1775127702063.1465,"status":"passed","message":"","name":"/Users/damonoutlaw/paper-atproto/src/lib/feedResume.test.ts"},{"assertionResults":[{"ancestorTitles":["subscribeToExternalFeed"],"fullName":"subscribeToExternalFeed rejects invalid urls before touching the feed service","status":"passed","title":"rejects invalid urls before touching the feed service","duration":1.1340420000000222,"failureMessages":[],"meta":{},"tags":[]},{"ancestorTitles":["subscribeToExternalFeed"],"fullName":"subscribeToExternalFeed retries transient feed subscription failures with bounded backoff","status":"passed","title":"retries transient feed subscription failures with bounded backoff","duration":3.013916000000023,"failureMessages":[],"meta":{},"tags":[]},{"ancestorTitles":["subscribeToExternalFeed"],"fullName":"subscribeToExternalFeed returns a structured failure after exhausting retries","status":"passed","title":"returns a structured failure after exhausting retries","duration":1.2473329999999976,"failureMessages":[],"meta":{},"tags":[]},{"ancestorTitles":["subscribeToExternalFeed"],"fullName":"subscribeToExternalFeed does not retry clearly non-transient subscription failures","status":"passed","title":"does not retry clearly non-transient subscription failures","duration":0.32433299999999576,"failureMessages":[],"meta":{},"tags":[]}],"startTime":1775127700986,"endTime":1775127700992.3242,"status":"passed","message":"","name":"/Users/damonoutlaw/paper-atproto/src/lib/feedSubscriptions.test.ts"},{"assertionResults":[{"ancestorTitles":["normalizeExternalFeedUrl"],"fullName":"normalizeExternalFeedUrl normalizes safe http and https feed urls","status":"passed","title":"normalizes safe http and https feed urls","duration":0.7183749999999947,"failureMessages":[],"meta":{},"tags":[]},{"ancestorTitles":["normalizeExternalFeedUrl"],"fullName":"normalizeExternalFeedUrl rejects unsupported protocols, credentials, and malformed input","status":"passed","title":"rejects unsupported protocols, credentials, and malformed input","duration":0.15075000000000216,"failureMessages":[],"meta":{},"tags":[]},{"ancestorTitles":["normalizeExternalFeedUrl"],"fullName":"normalizeExternalFeedUrl strips control characters and enforces a bounded length","status":"passed","title":"strips control characters and enforces a bounded length","duration":0.09458400000001177,"failureMessages":[],"meta":{},"tags":[]}],"startTime":1775127701980,"endTime":1775127701981.1506,"status":"passed","message":"","name":"/Users/damonoutlaw/paper-atproto/src/lib/feedUrls.test.ts"},{"assertionResults":[{"ancestorTitles":["hashtagStorage"],"fullName":"hashtagStorage normalizes hashtag values consistently","status":"passed","title":"normalizes hashtag values consistently","duration":1.0825420000000037,"failureMessages":[],"meta":{},"tags":[]},{"ancestorTitles":["hashtagStorage"],"fullName":"hashtagStorage sanitizes, dedupes, and bounds hashtag arrays","status":"passed","title":"sanitizes, dedupes, and bounds hashtag arrays","duration":0.7451250000000016,"failureMessages":[],"meta":{},"tags":[]},{"ancestorTitles":["hashtagStorage"],"fullName":"hashtagStorage reads from localStorage using sanitized bounded output","status":"passed","title":"reads from localStorage using sanitized bounded output","duration":0.4585000000000008,"failureMessages":[],"meta":{},"tags":[]}],"startTime":1775127701778,"endTime":1775127701780.4585,"status":"passed","message":"","name":"/Users/damonoutlaw/paper-atproto/src/lib/hashtagStorage.test.ts"},{"assertionResults":[{"ancestorTitles":["mediaPlayback persistence hygiene"],"fullName":"mediaPlayback persistence hygiene does not return stale playback preferences older than retention window","status":"passed","title":"does not return stale playback preferences older than retention window","duration":1.4658330000000035,"failureMessages":[],"meta":{},"tags":[]},{"ancestorTitles":["mediaPlayback persistence hygiene"],"fullName":"mediaPlayback persistence hygiene bounds persisted map size to avoid unbounded growth","status":"passed","title":"bounds persisted map size to avoid unbounded growth","duration":225.25995899999998,"failureMessages":[],"meta":{},"tags":[]}],"startTime":1775127700309,"endTime":1775127700535.26,"status":"passed","message":"","name":"/Users/damonoutlaw/paper-atproto/src/lib/mediaPlayback.test.ts"},{"assertionResults":[{"ancestorTitles":["podcastEpisodeStorage"],"fullName":"podcastEpisodeStorage sanitizes entries, drops invalid values, and dedupes by id/link","status":"passed","title":"sanitizes entries, drops invalid values, and dedupes by id/link","duration":2.2642920000000117,"failureMessages":[],"meta":{},"tags":[]},{"ancestorTitles":["podcastEpisodeStorage"],"fullName":"podcastEpisodeStorage enforces a max persisted entry bound on write/read","status":"passed","title":"enforces a max persisted entry bound on write/read","duration":1.039041999999995,"failureMessages":[],"meta":{},"tags":[]}],"startTime":1775127700975,"endTime":1775127700978.039,"status":"passed","message":"","name":"/Users/damonoutlaw/paper-atproto/src/lib/podcastEpisodeStorage.test.ts"},{"assertionResults":[{"ancestorTitles":["searchHardNegativeMining stale signal handling"],"fullName":"searchHardNegativeMining stale signal handling excludes stale signals beyond retention window","status":"passed","title":"excludes stale signals beyond retention window","duration":4.061750000000018,"failureMessages":[],"meta":{},"tags":[]},{"ancestorTitles":["searchHardNegativeMining stale signal handling"],"fullName":"searchHardNegativeMining stale signal handling keeps fresh relevant and irrelevant signals","status":"passed","title":"keeps fresh relevant and irrelevant signals","duration":2.067165999999986,"failureMessages":[],"meta":{},"tags":[]}],"startTime":1775127701021,"endTime":1775127701027.0671,"status":"passed","message":"","name":"/Users/damonoutlaw/paper-atproto/src/lib/searchHardNegativeMining.test.ts"},{"assertionResults":[{"ancestorTitles":["normalizeAtprotoSearchQuery"],"fullName":"normalizeAtprotoSearchQuery returns empty string for blank input","status":"passed","title":"returns empty string for blank input","duration":0.6996670000000051,"failureMessages":[],"meta":{},"tags":[]},{"ancestorTitles":["normalizeAtprotoSearchQuery"],"fullName":"normalizeAtprotoSearchQuery keeps plain keyword queries unchanged (trimmed)","status":"passed","title":"keeps plain keyword queries unchanged (trimmed)","duration":0.12204200000000753,"failureMessages":[],"meta":{},"tags":[]},{"ancestorTitles":["normalizeAtprotoSearchQuery"],"fullName":"normalizeAtprotoSearchQuery normalizes hashtag queries to plain terms","status":"passed","title":"normalizes hashtag queries to plain terms","duration":0.0889580000000052,"failureMessages":[],"meta":{},"tags":[]},{"ancestorTitles":["normalizeAtprotoSearchQuery"],"fullName":"normalizeAtprotoSearchQuery falls back to raw when hashtag-only input would become empty","status":"passed","title":"falls back to raw when hashtag-only input would become empty","duration":0.047875000000004775,"failureMessages":[],"meta":{},"tags":[]}],"startTime":1775127701643,"endTime":1775127701644.122,"status":"passed","message":"","name":"/Users/damonoutlaw/paper-atproto/src/lib/searchQuery.test.ts"},{"assertionResults":[{"ancestorTitles":["view resume persistence"],"fullName":"view resume persistence stores and restores per-view scroll top values","status":"passed","title":"stores and restores per-view scroll top values","duration":1.5113750000000152,"failureMessages":[],"meta":{},"tags":[]},{"ancestorTitles":["view resume persistence"],"fullName":"view resume persistence ignores stale entries outside retention window","status":"passed","title":"ignores stale entries outside retention window","duration":0.3820839999999919,"failureMessages":[],"meta":{},"tags":[]}],"startTime":1775127701674,"endTime":1775127701676.382,"status":"passed","message":"","name":"/Users/damonoutlaw/paper-atproto/src/lib/viewResume.test.ts"},{"assertionResults":[{"ancestorTitles":["parseYouTubeUrl"],"fullName":"parseYouTubeUrl parses standard watch URLs","status":"passed","title":"parses standard watch URLs","duration":1.3035829999999748,"failureMessages":[],"meta":{},"tags":[]},{"ancestorTitles":["parseYouTubeUrl"],"fullName":"parseYouTubeUrl parses short links and start times","status":"passed","title":"parses short links and start times","duration":0.19112499999999955,"failureMessages":[],"meta":{},"tags":[]},{"ancestorTitles":["parseYouTubeUrl"],"fullName":"parseYouTubeUrl parses shorts URLs","status":"passed","title":"parses shorts URLs","duration":0.09641700000000242,"failureMessages":[],"meta":{},"tags":[]},{"ancestorTitles":["parseYouTubeUrl"],"fullName":"parseYouTubeUrl parses playlist URLs without a direct video id","status":"passed","title":"parses playlist URLs without a direct video id","duration":0.09266600000000835,"failureMessages":[],"meta":{},"tags":[]},{"ancestorTitles":["parseYouTubeUrl"],"fullName":"parseYouTubeUrl rejects non-youtube URLs","status":"passed","title":"rejects non-youtube URLs","duration":0.09499999999999886,"failureMessages":[],"meta":{},"tags":[]},{"ancestorTitles":["extractUrlsFromText"],"fullName":"extractUrlsFromText extracts hrefs and plain urls without trailing punctuation","status":"passed","title":"extracts hrefs and plain urls without trailing punctuation","duration":0.25312499999998295,"failureMessages":[],"meta":{},"tags":[]},{"ancestorTitles":["extractFirstYouTubeReference"],"fullName":"extractFirstYouTubeReference prefers explicit urls and falls back to text extraction","status":"passed","title":"prefers explicit urls and falls back to text extraction","duration":0.15041700000000446,"failureMessages":[],"meta":{},"tags":[]},{"ancestorTitles":["buildYouTubeThumbnailUrl"],"fullName":"buildYouTubeThumbnailUrl builds a predictable thumbnail path","status":"passed","title":"builds a predictable thumbnail path","duration":0.08241699999999241,"failureMessages":[],"meta":{},"tags":[]},{"ancestorTitles":["buildYouTubeEmbedUrl"],"fullName":"buildYouTubeEmbedUrl builds a privacy-friendly embed url for direct videos","status":"passed","title":"builds a privacy-friendly embed url for direct videos","duration":0.9763340000000085,"failureMessages":[],"meta":{},"tags":[]},{"ancestorTitles":["buildYouTubeEmbedUrl"],"fullName":"buildYouTubeEmbedUrl builds a playlist embed when no direct video id exists","status":"passed","title":"builds a playlist embed when no direct video id exists","duration":0.22049999999998704,"failureMessages":[],"meta":{},"tags":[]}],"startTime":1775127701559,"endTime":1775127701562.2205,"status":"passed","message":"","name":"/Users/damonoutlaw/paper-atproto/src/lib/youtube.test.ts"},{"assertionResults":[{"ancestorTitles":["detectBrowserFamily"],"fullName":"detectBrowserFamily recognizes coarse browser families","status":"passed","title":"recognizes coarse browser families","duration":1.6562920000000076,"failureMessages":[],"meta":{},"tags":[]},{"ancestorTitles":["classifyRuntimeTier"],"fullName":"classifyRuntimeTier scores strong chromium devices as high tier","status":"passed","title":"scores strong chromium devices as high tier","duration":0.24829199999999219,"failureMessages":[],"meta":{},"tags":[]},{"ancestorTitles":["classifyRuntimeTier"],"fullName":"classifyRuntimeTier keeps weaker devices in the low tier","status":"passed","title":"keeps weaker devices in the low tier","duration":0.15108399999999733,"failureMessages":[],"meta":{},"tags":[]}],"startTime":1775127702039,"endTime":1775127702041.2483,"status":"passed","message":"","name":"/Users/damonoutlaw/paper-atproto/src/runtime/capabilityProbe.test.ts"},{"assertionResults":[{"ancestorTitles":["model integrity"],"fullName":"model integrity checks manifest required files and throws when any are missing","status":"passed","title":"checks manifest required files and throws when any are missing","duration":15.645792,"failureMessages":[],"meta":{},"tags":[]},{"ancestorTitles":["model integrity"],"fullName":"model integrity passes when all required files exist","status":"passed","title":"passes when all required files exist","duration":0.3832919999999973,"failureMessages":[],"meta":{},"tags":[]}],"startTime":1775127700755,"endTime":1775127700771.3833,"status":"passed","message":"","name":"/Users/damonoutlaw/paper-atproto/src/runtime/modelIntegrity.test.ts"},{"assertionResults":[{"ancestorTitles":["chooseModelForTask"],"fullName":"chooseModelForTask keeps the hot path on the existing worker stack","status":"passed","title":"keeps the hot path on the existing worker stack","duration":2.966417000000007,"failureMessages":[],"meta":{},"tags":[]},{"ancestorTitles":["chooseModelForTask"],"fullName":"chooseModelForTask prefers Qwen3-4B on high-tier best-quality text generation","status":"passed","title":"prefers Qwen3-4B on high-tier best-quality text generation","duration":2.925916000000001,"failureMessages":[],"meta":{},"tags":[]},{"ancestorTitles":["chooseModelForTask"],"fullName":"chooseModelForTask keeps low-tier text generation off until explicitly requested","status":"passed","title":"keeps low-tier text generation off until explicitly requested","duration":0.265625,"failureMessages":[],"meta":{},"tags":[]},{"ancestorTitles":["chooseModelForTask"],"fullName":"chooseModelForTask requires explicit user action for multimodal analysis","status":"passed","title":"requires explicit user action for multimodal analysis","duration":0.19383300000001213,"failureMessages":[],"meta":{},"tags":[]},{"ancestorTitles":["chooseModelForTask"],"fullName":"chooseModelForTask routes mid-tier multimodal to the lighter Qwen3.5 path","status":"passed","title":"routes mid-tier multimodal to the lighter Qwen3.5 path","duration":0.19058300000000372,"failureMessages":[],"meta":{},"tags":[]}],"startTime":1775127701827,"endTime":1775127701833.2656,"status":"passed","message":"","name":"/Users/damonoutlaw/paper-atproto/src/runtime/modelPolicy.test.ts"},{"assertionResults":[{"ancestorTitles":["runRuntimeSmokeCheck"],"fullName":"runRuntimeSmokeCheck reports success when both checks pass","status":"passed","title":"reports success when both checks pass","duration":0.7216250000000173,"failureMessages":[],"meta":{},"tags":[]},{"ancestorTitles":["runRuntimeSmokeCheck"],"fullName":"runRuntimeSmokeCheck reports failure when either smoke target fails","status":"passed","title":"reports failure when either smoke target fails","duration":0.10583400000001575,"failureMessages":[],"meta":{},"tags":[]}],"startTime":1775127702289,"endTime":1775127702290.1057,"status":"passed","message":"","name":"/Users/damonoutlaw/paper-atproto/src/runtime/runtimeSmoke.test.ts"},{"assertionResults":[{"ancestorTitles":["aiSessionsRouter security/privacy behavior"],"fullName":"aiSessionsRouter security/privacy behavior adds no-store private response headers for successful AI session responses","status":"passed","title":"adds no-store private response headers for successful AI session responses","duration":15.614958000000001,"failureMessages":[],"meta":{},"tags":[]},{"ancestorTitles":["aiSessionsRouter security/privacy behavior"],"fullName":"aiSessionsRouter security/privacy behavior rejects malformed session ids at the route boundary","status":"passed","title":"rejects malformed session ids at the route boundary","duration":1.2301249999999868,"failureMessages":[],"meta":{},"tags":[]},{"ancestorTitles":["aiSessionsRouter security/privacy behavior"],"fullName":"aiSessionsRouter security/privacy behavior rejects malformed DID headers at the route boundary","status":"passed","title":"rejects malformed DID headers at the route boundary","duration":0.36495800000000145,"failureMessages":[],"meta":{},"tags":[]},{"ancestorTitles":["aiSessionsRouter security/privacy behavior"],"fullName":"aiSessionsRouter security/privacy behavior rejects missing origin headers in production for DID-keyed routes","status":"passed","title":"rejects missing origin headers in production for DID-keyed routes","duration":0.6730000000000018,"failureMessages":[],"meta":{},"tags":[]},{"ancestorTitles":["aiSessionsRouter security/privacy behavior"],"fullName":"aiSessionsRouter security/privacy behavior rejects disallowed origins before serving AI session data","status":"passed","title":"rejects disallowed origins before serving AI session data","duration":0.3085000000000093,"failureMessages":[],"meta":{},"tags":[]},{"ancestorTitles":["aiSessionsRouter security/privacy behavior"],"fullName":"aiSessionsRouter security/privacy behavior does not leak internal 5xx error details in production","status":"passed","title":"does not leak internal 5xx error details in production","duration":0.7056670000000054,"failureMessages":[],"meta":{},"tags":[]},{"ancestorTitles":["aiSessionsRouter security/privacy behavior"],"fullName":"aiSessionsRouter security/privacy behavior passes live lane reads through durable proxy when available","status":"passed","title":"passes live lane reads through durable proxy when available","duration":2.1050830000000076,"failureMessages":[],"meta":{},"tags":[]},{"ancestorTitles":["aiSessionsRouter security/privacy behavior"],"fullName":"aiSessionsRouter security/privacy behavior returns and resets AI session telemetry via protected endpoints","status":"passed","title":"returns and resets AI session telemetry via protected endpoints","duration":1.2413339999999948,"failureMessages":[],"meta":{},"tags":[]}],"startTime":1775127700531,"endTime":1775127700553.2415,"status":"passed","message":"","name":"/Users/damonoutlaw/paper-atproto/src/server/aiSessionsRoute.integration.test.ts"},{"assertionResults":[{"ancestorTitles":["ai sessions durable policy"],"fullName":"ai sessions durable policy fails closed with 503 when durable writes fail in strict mode","status":"passed","title":"fails closed with 503 when durable writes fail in strict mode","duration":8.507332999999988,"failureMessages":[],"meta":{},"tags":[]},{"ancestorTitles":["ai sessions durable policy"],"fullName":"ai sessions durable policy falls back to local lane data when durable fails and fail-open is enabled","status":"passed","title":"falls back to local lane data when durable fails and fail-open is enabled","duration":0.6112080000000049,"failureMessages":[],"meta":{},"tags":[]},{"ancestorTitles":["ai sessions durable policy"],"fullName":"ai sessions durable policy does not duplicate local lane entries when durable replays an existing offset","status":"passed","title":"does not duplicate local lane entries when durable replays an existing offset","duration":0.759459000000021,"failureMessages":[],"meta":{},"tags":[]},{"ancestorTitles":["ai sessions durable policy"],"fullName":"ai sessions durable policy records metadata sanitation mutations for unsafe message metadata","status":"passed","title":"records metadata sanitation mutations for unsafe message metadata","duration":0.21237499999998022,"failureMessages":[],"meta":{},"tags":[]},{"ancestorTitles":["ai sessions durable policy"],"fullName":"ai sessions durable policy does not record metadata sanitation mutations for clean message metadata","status":"passed","title":"does not record metadata sanitation mutations for clean message metadata","duration":0.1472919999999931,"failureMessages":[],"meta":{},"tags":[]},{"ancestorTitles":["ai sessions durable policy"],"fullName":"ai sessions durable policy checks URLs in message content with Safe Browsing","status":"passed","title":"checks URLs in message content with Safe Browsing","duration":0.39987500000000864,"failureMessages":[],"meta":{},"tags":[]},{"ancestorTitles":["ai sessions durable policy"],"fullName":"ai sessions durable policy filters local/private URLs and strips tracking fragments before Safe Browsing checks","status":"passed","title":"filters local/private URLs and strips tracking fragments before Safe Browsing checks","duration":0.31566600000002154,"failureMessages":[],"meta":{},"tags":[]},{"ancestorTitles":["ai sessions durable policy"],"fullName":"ai sessions durable policy rejects messages containing Safe Browsing-blocked URLs","status":"passed","title":"rejects messages containing Safe Browsing-blocked URLs","duration":0.3981249999999932,"failureMessages":[],"meta":{},"tags":[]},{"ancestorTitles":["ai sessions durable policy"],"fullName":"ai sessions durable policy rejects unknown Safe Browsing verdicts when fail-closed is enabled","status":"passed","title":"rejects unknown Safe Browsing verdicts when fail-closed is enabled","duration":0.4445839999999919,"failureMessages":[],"meta":{},"tags":[]},{"ancestorTitles":["ai sessions durable policy"],"fullName":"ai sessions durable policy reconstructs session bootstrap and lanes from durable state after cold start","status":"passed","title":"reconstructs session bootstrap and lanes from durable state after cold start","duration":1.8482500000000073,"failureMessages":[],"meta":{},"tags":[]},{"ancestorTitles":["ai sessions durable policy"],"fullName":"ai sessions durable policy records hydration miss telemetry when no durable lanes exist","status":"passed","title":"records hydration miss telemetry when no durable lanes exist","duration":0.16712499999999864,"failureMessages":[],"meta":{},"tags":[]},{"ancestorTitles":["ai sessions durable policy"],"fullName":"ai sessions durable policy fails hydration in strict mode when durable reads error and records strict read failure telemetry","status":"passed","title":"fails hydration in strict mode when durable reads error and records strict read failure telemetry","duration":0.14662500000000023,"failureMessages":[],"meta":{},"tags":[]},{"ancestorTitles":["ai sessions durable policy"],"fullName":"ai sessions durable policy hydrates across multiple durable pages for large event lanes","status":"passed","title":"hydrates across multiple durable pages for large event lanes","duration":2.325917000000004,"failureMessages":[],"meta":{},"tags":[]}],"startTime":1775127700805,"endTime":1775127700822.326,"status":"passed","message":"","name":"/Users/damonoutlaw/paper-atproto/src/server/aiSessionsStore.durablePolicy.test.ts"},{"assertionResults":[{"ancestorTitles":["llmRouter /api/llm/write/composer-guidance"],"fullName":"llmRouter /api/llm/write/composer-guidance returns the filtered composer-guidance payload","status":"passed","title":"returns the filtered composer-guidance payload","duration":22.223208,"failureMessages":[],"meta":{},"tags":[]},{"ancestorTitles":["llmRouter /api/llm/write/composer-guidance"],"fullName":"llmRouter /api/llm/write/composer-guidance fails closed when the filtered guidance is unsafe","status":"passed","title":"fails closed when the filtered guidance is unsafe","duration":1.7747090000000014,"failureMessages":[],"meta":{},"tags":[]}],"startTime":1775127700616,"endTime":1775127700640.7747,"status":"passed","message":"","name":"/Users/damonoutlaw/paper-atproto/src/server/llmComposerGuidanceRoute.test.ts"},{"assertionResults":[{"ancestorTitles":["llmRouter /api/llm/analyze/media Safe Browsing"],"fullName":"llmRouter /api/llm/analyze/media Safe Browsing rejects media URLs blocked by Safe Browsing before analyzer execution","status":"passed","title":"rejects media URLs blocked by Safe Browsing before analyzer execution","duration":18.512583000000006,"failureMessages":[],"meta":{},"tags":[]},{"ancestorTitles":["llmRouter /api/llm/analyze/media Safe Browsing"],"fullName":"llmRouter /api/llm/analyze/media Safe Browsing allows safe media URLs through to the analyzer","status":"passed","title":"allows safe media URLs through to the analyzer","duration":1.2494580000000042,"failureMessages":[],"meta":{},"tags":[]}],"startTime":1775127700488,"endTime":1775127700507.2495,"status":"passed","message":"","name":"/Users/damonoutlaw/paper-atproto/src/server/llmMultimodalRoute.test.ts"},{"assertionResults":[{"ancestorTitles":["mediaRouter /api/media/transcribe"],"fullName":"mediaRouter /api/media/transcribe returns route shape for successful multipart transcription","status":"passed","title":"returns route shape for successful multipart transcription","duration":27.850166,"failureMessages":[],"meta":{},"tags":[]},{"ancestorTitles":["mediaRouter /api/media/transcribe"],"fullName":"mediaRouter /api/media/transcribe returns validation route shape for invalid JSON body","status":"passed","title":"returns validation route shape for invalid JSON body","duration":2.54929199999998,"failureMessages":[],"meta":{},"tags":[]},{"ancestorTitles":["mediaRouter /api/media/transcribe"],"fullName":"mediaRouter /api/media/transcribe rejects remote media URLs blocked by Safe Browsing before download","status":"passed","title":"rejects remote media URLs blocked by Safe Browsing before download","duration":4.192958000000004,"failureMessages":[],"meta":{},"tags":[]},{"ancestorTitles":["mediaRouter /api/media/transcribe"],"fullName":"mediaRouter /api/media/transcribe downloads safe remote media and forwards the file to the transcription worker","status":"passed","title":"downloads safe remote media and forwards the file to the transcription worker","duration":7.315124999999995,"failureMessages":[],"meta":{},"tags":[]}],"startTime":1775127700344,"endTime":1775127700386.3152,"status":"passed","message":"","name":"/Users/damonoutlaw/paper-atproto/src/server/mediaRoute.integration.test.ts"},{"assertionResults":[{"ancestorTitles":["origin policy"],"fullName":"origin policy allows explicit frontend origins for cross-origin API deployments","status":"passed","title":"allows explicit frontend origins for cross-origin API deployments","duration":0.8570409999999953,"failureMessages":[],"meta":{},"tags":[]},{"ancestorTitles":["origin policy"],"fullName":"origin policy allows same-host origins without extra configuration","status":"passed","title":"allows same-host origins without extra configuration","duration":0.47108299999999304,"failureMessages":[],"meta":{},"tags":[]},{"ancestorTitles":["origin policy"],"fullName":"origin policy rejects untrusted production origins","status":"passed","title":"rejects untrusted production origins","duration":1.220708000000002,"failureMessages":[],"meta":{},"tags":[]},{"ancestorTitles":["origin policy"],"fullName":"origin policy allows private-network dev origins when enabled","status":"passed","title":"allows private-network dev origins when enabled","duration":0.2696249999999907,"failureMessages":[],"meta":{},"tags":[]}],"startTime":1775127701932,"endTime":1775127701935.2695,"status":"passed","message":"","name":"/Users/damonoutlaw/paper-atproto/src/server/originPolicy.test.ts"},{"assertionResults":[{"ancestorTitles":["premiumAiRouter trust boundaries"],"fullName":"premiumAiRouter trust boundaries rejects premium entitlements lookups from disallowed origins when a DID header is supplied","status":"passed","title":"rejects premium entitlements lookups from disallowed origins when a DID header is supplied","duration":15.709082999999993,"failureMessages":[],"meta":{},"tags":[]},{"ancestorTitles":["premiumAiRouter trust boundaries"],"fullName":"premiumAiRouter trust boundaries requires a validated DID header for premium deep interpolation","status":"passed","title":"requires a validated DID header for premium deep interpolation","duration":1.475999999999999,"failureMessages":[],"meta":{},"tags":[]},{"ancestorTitles":["premiumAiRouter trust boundaries"],"fullName":"premiumAiRouter trust boundaries accepts trusted premium deep interpolation requests only when header and body actor match","status":"passed","title":"accepts trusted premium deep interpolation requests only when header and body actor match","duration":2.413624999999996,"failureMessages":[],"meta":{},"tags":[]}],"startTime":1775127700506,"endTime":1775127700525.4136,"status":"passed","message":"","name":"/Users/damonoutlaw/paper-atproto/src/server/premiumAiRoute.security.test.ts"},{"assertionResults":[{"ancestorTitles":["runMediaAnalyzer hardening"],"fullName":"runMediaAnalyzer hardening rejects a media URL blocked by Safe Browsing before fetch","status":"passed","title":"rejects a media URL blocked by Safe Browsing before fetch","duration":2.158208000000002,"failureMessages":[],"meta":{},"tags":[]},{"ancestorTitles":["runMediaAnalyzer hardening"],"fullName":"runMediaAnalyzer hardening rejects unknown Safe Browsing verdicts when fail-closed is enabled","status":"passed","title":"rejects unknown Safe Browsing verdicts when fail-closed is enabled","duration":0.6304580000000044,"failureMessages":[],"meta":{},"tags":[]},{"ancestorTitles":["runMediaAnalyzer hardening"],"fullName":"runMediaAnalyzer hardening rejects a redirect target blocked by Safe Browsing","status":"passed","title":"rejects a redirect target blocked by Safe Browsing","duration":11.609625000000008,"failureMessages":[],"meta":{},"tags":[]},{"ancestorTitles":["runMediaAnalyzer hardening"],"fullName":"runMediaAnalyzer hardening falls back when the fetched media is not an image payload","status":"passed","title":"falls back when the fetched media is not an image payload","duration":1.0585420000000028,"failureMessages":[],"meta":{},"tags":[]},{"ancestorTitles":["runMediaAnalyzer hardening"],"fullName":"runMediaAnalyzer hardening falls back when the fetched media exceeds the byte limit","status":"passed","title":"falls back when the fetched media exceeds the byte limit","duration":0.29595799999999883,"failureMessages":[],"meta":{},"tags":[]},{"ancestorTitles":["runMediaAnalyzer hardening"],"fullName":"runMediaAnalyzer hardening returns validated model output for a safe image fetch","status":"passed","title":"returns validated model output for a safe image fetch","duration":3.065540999999996,"failureMessages":[],"meta":{},"tags":[]}],"startTime":1775127700492,"endTime":1775127700511.0654,"status":"passed","message":"","name":"/Users/damonoutlaw/paper-atproto/src/server/qwenMultimodal.test.ts"},{"assertionResults":[{"ancestorTitles":["verificationRouter /api/verify/evidence"],"fullName":"verificationRouter /api/verify/evidence sanitizes evidence URLs and drops blocked image URLs before verification","status":"passed","title":"sanitizes evidence URLs and drops blocked image URLs before verification","duration":13.10691700000001,"failureMessages":[],"meta":{},"tags":[]}],"startTime":1775127700643,"endTime":1775127700656.107,"status":"passed","message":"","name":"/Users/damonoutlaw/paper-atproto/src/server/verificationRoute.test.ts"},{"assertionResults":[{"ancestorTitles":["registerServiceWorker helpers"],"fullName":"registerServiceWorker helpers normalizes configured base paths into safe app scopes","status":"passed","title":"normalizes configured base paths into safe app scopes","duration":1.7329580000000107,"failureMessages":[],"meta":{},"tags":[]},{"ancestorTitles":["registerServiceWorker helpers"],"fullName":"registerServiceWorker helpers prefers the configured base when the runtime URL lives under it","status":"passed","title":"prefers the configured base when the runtime URL lives under it","duration":0.27716599999999403,"failureMessages":[],"meta":{},"tags":[]},{"ancestorTitles":["registerServiceWorker helpers"],"fullName":"registerServiceWorker helpers falls back to the runtime deployment path when the configured base does not match","status":"passed","title":"falls back to the runtime deployment path when the configured base does not match","duration":0.2535840000000036,"failureMessages":[],"meta":{},"tags":[]},{"ancestorTitles":["registerServiceWorker helpers"],"fullName":"registerServiceWorker helpers accepts javascript service worker MIME types and rejects html responses","status":"passed","title":"accepts javascript service worker MIME types and rejects html responses","duration":0.24774999999999636,"failureMessages":[],"meta":{},"tags":[]}],"startTime":1775127702043,"endTime":1775127702045.2537,"status":"passed","message":"","name":"/Users/damonoutlaw/paper-atproto/src/pwa/registerServiceWorker.test.ts"},{"assertionResults":[{"ancestorTitles":["feedCacheStore persistence hygiene"],"fullName":"feedCacheStore persistence hygiene drops stale cache entries and bounds persisted metadata","status":"passed","title":"drops stale cache entries and bounds persisted metadata","duration":2.311040999999989,"failureMessages":[],"meta":{},"tags":[]},{"ancestorTitles":["feedCacheStore persistence hygiene"],"fullName":"feedCacheStore persistence hygiene clamps malformed cache metadata to safe values","status":"passed","title":"clamps malformed cache metadata to safe values","duration":0.36633299999999736,"failureMessages":[],"meta":{},"tags":[]}],"startTime":1775127701556,"endTime":1775127701559.3662,"status":"passed","message":"","name":"/Users/damonoutlaw/paper-atproto/src/store/feedCacheStore.test.ts"},{"assertionResults":[{"ancestorTitles":["moderation store stale mute pruning"],"fullName":"moderation store stale mute pruning removes expired timed mutes and preserves active or indefinite ones","status":"passed","title":"removes expired timed mutes and preserves active or indefinite ones","duration":1.5142920000000117,"failureMessages":[],"meta":{},"tags":[]},{"ancestorTitles":["moderation store stale mute pruning"],"fullName":"moderation store stale mute pruning drops malformed non-finite expiry values","status":"passed","title":"drops malformed non-finite expiry values","duration":0.11254099999999312,"failureMessages":[],"meta":{},"tags":[]}],"startTime":1775127701695,"endTime":1775127701697.1125,"status":"passed","message":"","name":"/Users/damonoutlaw/paper-atproto/src/store/moderationStore.test.ts"},{"assertionResults":[{"ancestorTitles":["uiStore resume state"],"fullName":"uiStore resume state tracks and updates persisted home feed mode","status":"passed","title":"tracks and updates persisted home feed mode","duration":1.820875000000001,"failureMessages":[],"meta":{},"tags":[]},{"ancestorTitles":["uiStore resume state"],"fullName":"uiStore resume state remembers app location by active tab and profile target","status":"passed","title":"remembers app location by active tab and profile target","duration":0.5461249999999893,"failureMessages":[],"meta":{},"tags":[]},{"ancestorTitles":["uiStore resume state"],"fullName":"uiStore resume state persists resumable navigation overlays and feed context","status":"passed","title":"persists resumable navigation overlays and feed context","duration":1.374291999999997,"failureMessages":[],"meta":{},"tags":[]},{"ancestorTitles":["uiStore resume state"],"fullName":"uiStore resume state sanitizes malformed persisted resume state before reuse","status":"passed","title":"sanitizes malformed persisted resume state before reuse","duration":0.45691700000000424,"failureMessages":[],"meta":{},"tags":[]}],"startTime":1775127701799,"endTime":1775127701803.457,"status":"passed","message":"","name":"/Users/damonoutlaw/paper-atproto/src/store/uiStore.test.ts"},{"assertionResults":[{"ancestorTitles":["ollama policy"],"fullName":"ollama policy rejects remote ollama host when local-only policy is enabled","status":"passed","title":"rejects remote ollama host when local-only policy is enabled","duration":8.748708999999991,"failureMessages":[],"meta":{},"tags":[]},{"ancestorTitles":["ollama policy"
[...]
tus":"passed","title":"contributor selection logs sanitized unknown-error metadata on fatal errors","duration":2.1143749999999955,"failureMessages":[],"meta":{},"tags":[]},{"ancestorTitles":["algorithm logging safety"],"fullName":"algorithm logging safety change detection safely handles malformed timestamps without logging raw errors","status":"passed","title":"change detection safely handles malformed timestamps without logging raw errors","duration":1.0534159999999702,"failureMessages":[],"meta":{},"tags":[]},{"ancestorTitles":["algorithm logging safety"],"fullName":"algorithm logging safety entity centrality logs sanitized metadata when collaborator map throws","status":"passed","title":"entity centrality logs sanitized metadata when collaborator map throws","duration":0.3357499999999618,"failureMessages":[],"meta":{},"tags":[]},{"ancestorTitles":["algorithm logging safety"],"fullName":"algorithm logging safety stance clustering logs sanitized metadata when contributor slicing fails","status":"passed","title":"stance clustering logs sanitized metadata when contributor slicing fails","duration":0.21924999999998818,"failureMessages":[],"meta":{},"tags":[]}],"startTime":1775127701302,"endTime":1775127701306.3357,"status":"passed","message":"","name":"/Users/damonoutlaw/paper-atproto/src/intelligence/algorithms/loggingSafety.test.ts"},{"assertionResults":[{"ancestorTitles":["algorithm resilience"],"fullName":"algorithm resilience fails closed for contributor selection when inputs are invalid","status":"passed","title":"fails closed for contributor selection when inputs are invalid","duration":0.9383749999999935,"failureMessages":[],"meta":{},"tags":[]},{"ancestorTitles":["algorithm resilience"],"fullName":"algorithm resilience returns finite, bounded delta values for malformed timestamps","status":"passed","title":"returns finite, bounded delta values for malformed timestamps","duration":0.3422920000000005,"failureMessages":[],"meta":{},"tags":[]},{"ancestorTitles":["algorithm resilience"],"fullName":"algorithm resilience sanitizes invalid entities and keeps centrality outputs bounded","status":"passed","title":"sanitizes invalid entities and keeps centrality outputs bounded","duration":0.7455420000000004,"failureMessages":[],"meta":{},"tags":[]}],"startTime":1775127701785,"endTime":1775127701786.7456,"status":"passed","message":"","name":"/Users/damonoutlaw/paper-atproto/src/intelligence/algorithms/resilience.test.ts"},{"assertionResults":[{"ancestorTitles":["normalizeThreadGraph resilience"],"fullName":"normalizeThreadGraph resilience marks external-link presence for external embed posts","status":"passed","title":"marks external-link presence for external embed posts","duration":1.667166999999992,"failureMessages":[],"meta":{},"tags":[]},{"ancestorTitles":["normalizeThreadGraph resilience"],"fullName":"normalizeThreadGraph resilience includes direct parent and siblings for non-root focal posts","status":"passed","title":"includes direct parent and siblings for non-root focal posts","duration":0.5337499999999977,"failureMessages":[],"meta":{},"tags":[]},{"ancestorTitles":["normalizeThreadGraph resilience"],"fullName":"normalizeThreadGraph resilience fails closed and does not throw for malformed input","status":"passed","title":"fails closed and does not throw for malformed input","duration":0.2960000000000207,"failureMessages":[],"meta":{},"tags":[]}],"startTime":1775127701364,"endTime":1775127701367.296,"status":"passed","message":"","name":"/Users/damonoutlaw/paper-atproto/src/intelligence/context/normalizeThreadGraph.test.ts"},{"assertionResults":[{"ancestorTitles":["atpCall"],"fullName":"atpCall aborts requests when the timeout is exceeded","status":"passed","title":"aborts requests when the timeout is exceeded","duration":12.361333000000002,"failureMessages":[],"meta":{},"tags":[]}],"startTime":1775127700747,"endTime":1775127700759.3613,"status":"passed","message":"","name":"/Users/damonoutlaw/paper-atproto/src/lib/atproto/client.test.ts"},{"assertionResults":[{"ancestorTitles":["actorLabelChips"],"fullName":"actorLabelChips maps labels into compact chips with external labeller signal","status":"passed","title":"maps labels into compact chips with external labeller signal","duration":3.0941660000000013,"failureMessages":[],"meta":{},"tags":[]},{"ancestorTitles":["actorLabelChips"],"fullName":"actorLabelChips marks self-label when labels come from actor DID","status":"passed","title":"marks self-label when labels come from actor DID","duration":0.2837499999999977,"failureMessages":[],"meta":{},"tags":[]},{"ancestorTitles":["actorLabelChips"],"fullName":"actorLabelChips drops neg labels and invalid values","status":"passed","title":"drops neg labels and invalid values","duration":2.026083,"failureMessages":[],"meta":{},"tags":[]}],"startTime":1775127701766,"endTime":1775127701772.0261,"status":"passed","message":"","name":"/Users/damonoutlaw/paper-atproto/src/lib/atproto/labelPresentation.test.ts"},{"assertionResults":[{"ancestorTitles":["normalizeError"],"fullName":"normalizeError parses Retry-After delay seconds","status":"passed","title":"parses Retry-After delay seconds","duration":1.775416000000007,"failureMessages":[],"meta":{},"tags":[]},{"ancestorTitles":["normalizeError"],"fullName":"normalizeError parses Retry-After HTTP dates","status":"passed","title":"parses Retry-After HTTP dates","duration":0.9917499999999961,"failureMessages":[],"meta":{},"tags":[]},{"ancestorTitles":["withRetry"],"fullName":"withRetry stops retrying network failures when navigator reports offline","status":"passed","title":"stops retrying network failures when navigator reports offline","duration":1.1422080000000108,"failureMessages":[],"meta":{},"tags":[]},{"ancestorTitles":["withRetry"],"fullName":"withRetry retries transient network failures with backoff","status":"passed","title":"retries transient network failures with backoff","duration":4.083209000000011,"failureMessages":[],"meta":{},"tags":[]}],"startTime":1775127701164,"endTime":1775127701172.0833,"status":"passed","message":"","name":"/Users/damonoutlaw/paper-atproto/src/lib/atproto/retry.test.ts"},{"assertionResults":[{"ancestorTitles":["getCaptionButtonState"],"fullName":"getCaptionButtonState idle with no captions → Generate Captions, enabled, remove hidden","status":"passed","title":"idle with no captions → Generate Captions, enabled, remove hidden","duration":0.708958999999993,"failureMessages":[],"meta":{},"tags":[]},{"ancestorTitles":["getCaptionButtonState"],"fullName":"getCaptionButtonState idle with existing captions → Regenerate Captions, enabled, remove visible","status":"passed","title":"idle with existing captions → Regenerate Captions, enabled, remove visible","duration":0.09987499999999727,"failureMessages":[],"meta":{},"tags":[]},{"ancestorTitles":["getCaptionButtonState"],"fullName":"getCaptionButtonState generating, no prior captions → Generating Captions…, disabled, remove hidden","status":"passed","title":"generating, no prior captions → Generating Captions…, disabled, remove hidden","duration":0.07495799999998098,"failureMessages":[],"meta":{},"tags":[]},{"ancestorTitles":["getCaptionButtonState"],"fullName":"getCaptionButtonState generating with prior captions → disabled, remove hidden (guards double-click)","status":"passed","title":"generating with prior captions → disabled, remove hidden (guards double-click)","duration":0.06933399999999779,"failureMessages":[],"meta":{},"tags":[]},{"ancestorTitles":["getCaptionButtonState"],"fullName":"getCaptionButtonState undefined captionCount treated as zero","status":"passed","title":"undefined captionCount treated as zero","duration":0.05712499999998499,"failureMessages":[],"meta":{},"tags":[]}],"startTime":1775127701172,"endTime":1775127701173.0999,"status":"passed","message":"","name":"/Users/damonoutlaw/paper-atproto/src/lib/media/captionButtonState.test.ts"},{"assertionResults":[{"ancestorTitles":["extractMediaSignals"],"fullName":"extractMediaSignals captures nested record-with-media images, video, and linked targets","status":"passed","title":"captures nested record-with-media images, video, and linked targets","duration":0.9207500000000124,"failureMessages":[],"meta":{},"tags":[]},{"ancestorTitles":["extractMediaSignals"],"fullName":"extractMediaSignals returns safe defaults when embed JSON is malformed","status":"passed","title":"returns safe defaults when embed JSON is malformed","duration":1.169583000000003,"failureMessages":[],"meta":{},"tags":[]},{"ancestorTitles":["extractMediaSignals"],"fullName":"extractMediaSignals applies a bounded visual boost when media matches query intent","status":"passed","title":"applies a bounded visual boost when media matches query intent","duration":0.37112500000000637,"failureMessages":[],"meta":{},"tags":[]}],"startTime":1775127701913,"endTime":1775127701916.371,"status":"passed","message":"","name":"/Users/damonoutlaw/paper-atproto/src/lib/media/extractMediaSignals.test.ts"},{"assertionResults":[{"ancestorTitles":["externalLinkGuard"],"fullName":"externalLinkGuard installs the capture listener only once","status":"passed","title":"installs the capture listener only once","duration":19.77316599999999,"failureMessages":[],"meta":{},"tags":[]},{"ancestorTitles":["externalLinkGuard"],"fullName":"externalLinkGuard intercepts target=_blank anchor clicks and routes through guarded opener","status":"passed","title":"intercepts target=_blank anchor clicks and routes through guarded opener","duration":0.8215409999999963,"failureMessages":[],"meta":{},"tags":[]},{"ancestorTitles":["externalLinkGuard"],"fullName":"externalLinkGuard blocks malformed external urls before any open call","status":"passed","title":"blocks malformed external urls before any open call","duration":0.9883339999999947,"failureMessages":[],"meta":{},"tags":[]},{"ancestorTitles":["externalLinkGuard"],"fullName":"externalLinkGuard intercepts middle-click activation through auxclick","status":"passed","title":"intercepts middle-click activation through auxclick","duration":0.3892499999999899,"failureMessages":[],"meta":{},"tags":[]},{"ancestorTitles":["externalLinkGuard"],"fullName":"externalLinkGuard intercepts Enter-key activation on target=_blank links","status":"passed","title":"intercepts Enter-key activation on target=_blank links","duration":0.3062500000000057,"failureMessages":[],"meta":{},"tags":[]},{"ancestorTitles":["externalLinkGuard"],"fullName":"externalLinkGuard does not intercept links that do not target a new tab","status":"passed","title":"does not intercept links that do not target a new tab","duration":0.21412499999999568,"failureMessages":[],"meta":{},"tags":[]},{"ancestorTitles":["externalLinkGuard"],"fullName":"externalLinkGuard does nothing for already-prevented click events","status":"passed","title":"does nothing for already-prevented click events","duration":0.22141600000000494,"failureMessages":[],"meta":{},"tags":[]}],"startTime":1775127700474,"endTime":1775127700497.2214,"status":"passed","message":"","name":"/Users/damonoutlaw/paper-atproto/src/lib/safety/externalLinkGuard.test.ts"},{"assertionResults":[{"ancestorTitles":["externalUrl safety"],"fullName":"externalUrl safety accepts http and https urls","status":"passed","title":"accepts http and https urls","duration":1.592833000000013,"failureMessages":[],"meta":{},"tags":[]},{"ancestorTitles":["externalUrl safety"],"fullName":"externalUrl safety rejects dangerous or malformed urls","status":"passed","title":"rejects dangerous or malformed urls","duration":0.25337500000000546,"failureMessages":[],"meta":{},"tags":[]},{"ancestorTitles":["externalUrl safety"],"fullName":"externalUrl safety strips tracking params for remote-processing flows","status":"passed","title":"strips tracking params for remote-processing flows","duration":0.6927080000000103,"failureMessages":[],"meta":{},"tags":[]},{"ancestorTitles":["externalUrl safety"],"fullName":"externalUrl safety rejects local-only hosts for remote-processing flows","status":"passed","title":"rejects local-only hosts for remote-processing flows","duration":0.28600000000000136,"failureMessages":[],"meta":{},"tags":[]},{"ancestorTitles":["externalUrl safety"],"fullName":"externalUrl safety extracts a safe hostname","status":"passed","title":"extracts a safe hostname","duration":0.18737500000000296,"failureMessages":[],"meta":{},"tags":[]},{"ancestorTitles":["externalUrl safety"],"fullName":"externalUrl safety opens only safe external urls","status":"passed","title":"opens only safe external urls","duration":2.817707999999982,"failureMessages":[],"meta":{},"tags":[]},{"ancestorTitles":["externalUrl safety"],"fullName":"externalUrl safety blocks links marked unsafe by safety checks","status":"passed","title":"blocks links marked unsafe by safety checks","duration":0.7335000000000207,"failureMessages":[],"meta":{},"tags":[]},{"ancestorTitles":["externalUrl safety"],"fullName":"externalUrl safety blocks unknown safety verdicts by default fail-closed policy","status":"passed","title":"blocks unknown safety verdicts by default fail-closed policy","duration":0.4690000000000225,"failureMessages":[],"meta":{},"tags":[]},{"ancestorTitles":["externalUrl safety"],"fullName":"externalUrl safety allows unknown safety verdicts when fail-closed override is disabled","status":"passed","title":"allows unknown safety verdicts when fail-closed override is disabled","duration":0.18916699999999764,"failureMessages":[],"meta":{},"tags":[]},{"ancestorTitles":["externalUrl safety"],"fullName":"externalUrl safety fails closed when safety checking throws unexpectedly","status":"passed","title":"fails closed when safety checking throws unexpectedly","duration":0.3312079999999753,"failureMessages":[],"meta":{},"tags":[]}],"startTime":1775127701464,"endTime":1775127701472.3313,"status":"passed","message":"","name":"/Users/damonoutlaw/paper-atproto/src/lib/safety/externalUrl.test.ts"},{"assertionResults":[{"ancestorTitles":["externalUrlTelemetry"],"fullName":"externalUrlTelemetry tracks counters without storing sensitive URLs","status":"passed","title":"tracks counters without storing sensitive URLs","duration":1.8577920000000034,"failureMessages":[],"meta":{},"tags":[]},{"ancestorTitles":["externalUrlTelemetry"],"fullName":"externalUrlTelemetry rate limits repeated warning logs per category","status":"passed","title":"rate limits repeated warning logs per category","duration":0.454583999999997,"failureMessages":[],"meta":{},"tags":[]}],"startTime":1775127701357,"endTime":1775127701359.4546,"status":"passed","message":"","name":"/Users/damonoutlaw/paper-atproto/src/lib/safety/externalUrlTelemetry.test.ts"},{"assertionResults":[{"ancestorTitles":["urlSafety cache behavior"],"fullName":"urlSafety cache behavior deduplicates concurrent checks for the same URL","status":"passed","title":"deduplicates concurrent checks for the same URL","duration":46.22604100000001,"failureMessages":[],"meta":{},"tags":[]},{"ancestorTitles":["urlSafety cache behavior"],"fullName":"urlSafety cache behavior refreshes unknown verdicts after short TTL expiry","status":"passed","title":"refreshes unknown verdicts after short TTL expiry","duration":2.75679199999999,"failureMessages":[],"meta":{},"tags":[]}],"startTime":1775127700296,"endTime":1775127700344.7568,"status":"passed","message":"","name":"/Users/damonoutlaw/paper-atproto/src/lib/safety/urlSafety.test.ts"},{"assertionResults":[{"ancestorTitles":["durable proxy"],"fullName":"durable proxy routes reads to lane-specific base urls without duplicating lane path","status":"passed","title":"routes reads to lane-specific base urls without duplicating lane path","duration":35.25570800000001,"failureMessages":[],"meta":{},"tags":[]}],"startTime":1775127700295,"endTime":1775127700330.2556,"status":"passed","message":"","name":"/Users/damonoutlaw/paper-atproto/server/src/ai/sessions/durableProxy.test.ts"},{"assertionResults":[{"ancestorTitles":["durable transport"],"fullName":"durable transport includes an idempotency key on append writes","status":"passed","title":"includes an idempotency key on append writes","duration":19.845749999999995,"failureMessages":[],"meta":{},"tags":[]},{"ancestorTitles":["durable transport"],"fullName":"durable transport uses header next-offset when present","status":"passed","title":"uses header next-offset when present","duration":1.4400420000000054,"failureMessages":[],"meta":{},"tags":[]}],"startTime":1775127700449,"endTime":1775127700470.44,"status":"passed","message":"","name":"/Users/damonoutlaw/paper-atproto/server/src/ai/sessions/durableTransport.test.ts"},{"assertionResults":[{"ancestorTitles":["ai session telemetry derived hydration metrics"],"fullName":"ai session telemetry derived hydration metrics computes rates and replay throughput metrics from hydration events","status":"passed","title":"computes rates and replay throughput metrics from hydration events","duration":2.3858749999999986,"failureMessages":[],"meta":{},"tags":[]},{"ancestorTitles":["ai session telemetry derived hydration metrics"],"fullName":"ai session telemetry derived hydration metrics returns zeroed derived metrics without hydration attempts","status":"passed","title":"returns zeroed derived metrics without hydration attempts","duration":0.36504100000000506,"failureMessages":[],"meta":{},"tags":[]}],"startTime":1775127701511,"endTime":1775127701513.386,"status":"passed","message":"","name":"/Users/damonoutlaw/paper-atproto/server/src/ai/sessions/telemetry.test.ts"},{"assertionResults":[{"ancestorTitles":["translation cache"],"fullName":"translation cache builds cache keys independent from request id","status":"passed","title":"builds cache keys independent from request id","duration":1.548415999999989,"failureMessages":[],"meta":{},"tags":[]},{"ancestorTitles":["translation cache"],"fullName":"translation cache expires stale entries based on ttl","status":"passed","title":"expires stale entries based on ttl","duration":0.4717500000000001,"failureMessages":[],"meta":{},"tags":[]}],"startTime":1775127701045,"endTime":1775127701047.4717,"status":"passed","message":"","name":"/Users/damonoutlaw/paper-atproto/server/src/services/translation/cache.test.ts"},{"assertionResults":[{"ancestorTitles":["detectLanguage cache hygiene"],"fullName":"detectLanguage cache hygiene adds entries to cache and reuses them while fresh","status":"passed","title":"adds entries to cache and reuses them while fresh","duration":3.007333999999986,"failureMessages":[],"meta":{},"tags":[]},{"ancestorTitles":["detectLanguage cache hygiene"],"fullName":"detectLanguage cache hygiene prunes stale cache entries after ttl","status":"passed","title":"prunes stale cache entries after ttl","duration":0.7732079999999826,"failureMessages":[],"meta":{},"tags":[]}],"startTime":1775127701483,"endTime":1775127701486.7732,"status":"passed","message":"","name":"/Users/damonoutlaw/paper-atproto/server/src/services/translation/detectLanguage.test.ts"},{"assertionResults":[{"ancestorTitles":["translation policy"],"fullName":"translation policy keeps local privacy mode unchanged","status":"passed","title":"keeps local privacy mode unchanged","duration":0.6978750000000105,"failureMessages":[],"meta":{},"tags":[]},{"ancestorTitles":["translation policy"],"fullName":"translation policy prefers optimized mode for writer and story surfaces","status":"passed","title":"prefers optimized mode for writer and story surfaces","duration":0.09566700000000594,"failureMessages":[],"meta":{},"tags":[]},{"ancestorTitles":["translation policy"],"fullName":"translation policy switches to optimized for longer public text","status":"passed","title":"switches to optimized for longer public text","duration":0.07125000000000625,"failureMessages":[],"meta":{},"tags":[]}],"startTime":1775127701653,"endTime":1775127701654.0957,"status":"passed","message":"","name":"/Users/damonoutlaw/paper-atproto/server/src/services/translation/policy.test.ts"}]}